<?xml version="1.0" encoding="UTF-8"?>
<testng-results ignored="0" total="1" passed="1" failed="0" skipped="0">
  <reporter-output>
    <line>
      <![CDATA[Facebook – log in or sign up]]>
    </line>
    <line>
      <![CDATA[https://www.facebook.com/]]>
    </line>
  </reporter-output>
  <suite started-at="2021-01-21T22:01:14 IST" name="Failed suite [Suite]" finished-at="2021-01-21T22:01:23 IST" duration-ms="9048">
    <groups>
    </groups>
    <test started-at="2021-01-21T22:01:14 IST" name="Test(failed)" finished-at="2021-01-21T22:01:23 IST" duration-ms="9048">
      <class name="testNG.Tc1">
        <test-method is-config="true" signature="openapp()[pri:0, instance:testNG.Tc1@157853da]" started-at="2021-01-21T22:01:14 IST" name="openapp" finished-at="2021-01-21T22:01:22 IST" duration-ms="7920" status="PASS">
          <reporter-output>
          </reporter-output>
        </test-method> <!-- openapp -->
        <test-method signature="login()[pri:0, instance:testNG.Tc1@157853da]" started-at="2021-01-21T22:01:22 IST" name="login" finished-at="2021-01-21T22:01:22 IST" duration-ms="486" status="PASS">
          <reporter-output>
            <line>
              <![CDATA[Facebook – log in or sign up]]>
            </line>
            <line>
              <![CDATA[https://www.facebook.com/]]>
            </line>
          </reporter-output>
        </test-method> <!-- login -->
        <test-method is-config="true" signature="closeapp()[pri:0, instance:testNG.Tc1@157853da]" started-at="2021-01-21T22:01:22 IST" name="closeapp" finished-at="2021-01-21T22:01:23 IST" duration-ms="592" status="PASS">
          <reporter-output>
          </reporter-output>
        </test-method> <!-- closeapp -->
      </class> <!-- testNG.Tc1 -->
    </test> <!-- Test(failed) -->
  </suite> <!-- Failed suite [Suite] -->
</testng-results>
